map boundary (_m, _n) = (70, 70), size = 2420
starting index = (67, 49)
ending index   = (3, 3)

nodes size     = 7260
moves size     = 29040
=====  Begin to solve  =====
==============================[MINISAT]===============================
| Conflicts |     ORIGINAL     |          LEARNT          | Progress |
|           | Clauses Literals | Clauses Literals  Lit/Cl |          |
======================================================================
|   1801428 |   89543   221206 |  186436 21793132   116.9 | 41.958 % |
======================================================================
SAT

state b_67_49_S
                        step 0 : DOWN
state b_67_47_Ly
                        step 1 : DOWN
state b_67_46_S
                        step 2 : LEFT
state b_65_46_Lx
                        step 3 : DOWN
state b_65_45_Lx
                        step 4 : LEFT
state b_64_45_S
                        step 5 : DOWN
state b_64_43_Ly
                        step 6 : LEFT
state b_63_43_Ly
                        step 7 : LEFT
state b_62_43_Ly
                        step 8 : LEFT
state b_61_43_Ly
                        step 9 : UP
state b_61_45_S
                        step 10 : LEFT
state b_59_45_Lx
                        step 11 : UP
state b_59_46_Lx
                        step 12 : UP
state b_59_47_Lx
                        step 13 : UP
state b_59_48_Lx
                        step 14 : UP
state b_59_49_Lx
                        step 15 : LEFT
state b_58_49_S
                        step 16 : LEFT
state b_56_49_Lx
                        step 17 : LEFT
state b_55_49_S
                        step 18 : LEFT
state b_53_49_Lx
                        step 19 : UP
state b_53_50_Lx
                        step 20 : LEFT
state b_52_50_S
                        step 21 : DOWN
state b_52_48_Ly
                        step 22 : DOWN
state b_52_47_S
                        step 23 : DOWN
state b_52_45_Ly
                        step 24 : LEFT
state b_51_45_Ly
                        step 25 : DOWN
state b_51_44_S
                        step 26 : DOWN
state b_51_42_Ly
                        step 27 : RIGHT
state b_52_42_Ly
                        step 28 : DOWN
state b_52_41_S
                        step 29 : LEFT
state b_50_41_Lx
                        step 30 : LEFT
state b_49_41_S
                        step 31 : LEFT
state b_47_41_Lx
                        step 32 : DOWN
state b_47_40_Lx
                        step 33 : LEFT
state b_46_40_S
                        step 34 : LEFT
state b_44_40_Lx
                        step 35 : LEFT
state b_43_40_S
                        step 36 : LEFT
state b_41_40_Lx
                        step 37 : LEFT
state b_40_40_S
                        step 38 : DOWN
state b_40_38_Ly
                        step 39 : LEFT
state b_39_38_Ly
                        step 40 : DOWN
state b_39_37_S
                        step 41 : DOWN
state b_39_35_Ly
                        step 42 : DOWN
state b_39_34_S
                        step 43 : LEFT
state b_37_34_Lx
                        step 44 : UP
state b_37_35_Lx
                        step 45 : UP
state b_37_36_Lx
                        step 46 : LEFT
state b_36_36_S
                        step 47 : LEFT
state b_34_36_Lx
                        step 48 : LEFT
state b_33_36_S
                        step 49 : LEFT
state b_31_36_Lx
                        step 50 : DOWN
state b_31_35_Lx
                        step 51 : DOWN
state b_31_34_Lx
                        step 52 : LEFT
state b_30_34_S
                        step 53 : UP
state b_30_35_Ly
                        step 54 : LEFT
state b_29_35_Ly
                        step 55 : DOWN
state b_29_34_S
                        step 56 : LEFT
state b_27_34_Lx
                        step 57 : UP
state b_27_35_Lx
                        step 58 : LEFT
state b_26_35_S
                        step 59 : LEFT
state b_24_35_Lx
                        step 60 : LEFT
state b_23_35_S
                        step 61 : LEFT
state b_21_35_Lx
                        step 62 : DOWN
state b_21_34_Lx
                        step 63 : RIGHT
state b_23_34_S
                        step 64 : DOWN
state b_23_32_Ly
                        step 65 : DOWN
state b_23_31_S
                        step 66 : RIGHT
state b_24_31_Lx
                        step 67 : RIGHT
state b_26_31_S
                        step 68 : DOWN
state b_26_29_Ly
                        step 69 : LEFT
state b_25_29_Ly
                        step 70 : DOWN
state b_25_28_S
                        step 71 : RIGHT
state b_26_28_Lx
                        step 72 : DOWN
state b_26_27_Lx
                        step 73 : DOWN
state b_26_26_Lx
                        step 74 : DOWN
state b_26_25_Lx
                        step 75 : DOWN
state b_26_24_Lx
                        step 76 : DOWN
state b_26_23_Lx
                        step 77 : LEFT
state b_25_23_S
                        step 78 : DOWN
state b_25_21_Ly
                        step 79 : LEFT
state b_24_21_Ly
                        step 80 : DOWN
state b_24_20_S
                        step 81 : DOWN
state b_24_18_Ly
                        step 82 : DOWN
state b_24_17_S
                        step 83 : DOWN
state b_24_15_Ly
                        step 84 : RIGHT
state b_25_15_Ly
                        step 85 : RIGHT
state b_26_15_Ly
                        step 86 : DOWN
state b_26_14_S
                        step 87 : DOWN
state b_26_12_Ly
                        step 88 : LEFT
state b_25_12_Ly
                        step 89 : DOWN
state b_25_11_S
                        step 90 : DOWN
state b_25_9_Ly
                        step 91 : LEFT
state b_24_9_Ly
                        step 92 : DOWN
state b_24_8_S
                        step 93 : DOWN
state b_24_6_Ly
                        step 94 : LEFT
state b_23_6_Ly
                        step 95 : DOWN
state b_23_5_S
                        step 96 : LEFT
state b_21_5_Lx
                        step 97 : DOWN
state b_21_4_Lx
                        step 98 : LEFT
state b_20_4_S
                        step 99 : LEFT
state b_18_4_Lx
                        step 100 : DOWN
state b_18_3_Lx
                        step 101 : LEFT
state b_17_3_S
                        step 102 : LEFT
state b_15_3_Lx
                        step 103 : LEFT
state b_14_3_S
                        step 104 : LEFT
state b_12_3_Lx
                        step 105 : LEFT
state b_11_3_S
                        step 106 : LEFT
state b_9_3_Lx
                        step 107 : UP
state b_9_4_Lx
                        step 108 : LEFT
state b_8_4_S
                        step 109 : DOWN
state b_8_2_Ly
                        step 110 : LEFT
state b_7_2_Ly
                        step 111 : UP
state b_7_4_S
                        step 112 : LEFT
state b_5_4_Lx
                        step 113 : UP
state b_5_5_Lx
                        step 114 : UP
state b_5_6_Lx
                        step 115 : LEFT
state b_4_6_S
                        step 116 : DOWN
state b_4_4_Ly
                        step 117 : DOWN
state b_4_3_S
                        step 118 : DOWN
state b_4_1_Ly
                        step 119 : LEFT
state b_3_1_Ly
                        step 120 : UP
state  b_3_3_S

Total memory usage: 210548
Total time usage: 1182.82 s
